<!DOCTYPE html>

<html>
  <head>
  <meta charset='utf-8'>
  <title>TestNG reports</title>

    <link type="text/css" href="testng-reports.css" rel="stylesheet" />  
    <script type="text/javascript" src="jquery-1.7.1.min.js"></script>
    <script type="text/javascript" src="testng-reports.js"></script>
    <script type="text/javascript" src="https://www.google.com/jsapi"></script>
    <script type='text/javascript'>
      google.load('visualization', '1', {packages:['table']});
      google.setOnLoadCallback(drawTable);
      var suiteTableInitFunctions = new Array();
      var suiteTableData = new Array();
    </script>
    <!--
      <script type="text/javascript" src="jquery-ui/js/jquery-ui-1.8.16.custom.min.js"></script>
     -->
  </head>

  <body>
    <div class="top-banner-root">
      <span class="top-banner-title-font">Test results</span>
      <br/>
      <span class="top-banner-font-1">1 suite, 10 failed tests</span>
    </div> <!-- top-banner-root -->
    <div class="navigator-root">
      <div class="navigator-suite-header">
        <span>All suites</span>
        <a href="#" class="collapse-all-link" title="Collapse/expand all the suites">
          <img class="collapse-all-icon" src="collapseall.gif">
          </img> <!-- collapse-all-icon -->
        </a> <!-- collapse-all-link -->
      </div> <!-- navigator-suite-header -->
      <div class="suite">
        <div class="rounded-window">
          <div class="suite-header light-rounded-window-top">
            <a href="#" class="navigator-link" panel-name="suite-Suite">
              <span class="suite-name border-failed">Suite</span>
            </a> <!-- navigator-link -->
          </div> <!-- suite-header light-rounded-window-top -->
          <div class="navigator-suite-content">
            <div class="suite-section-title">
              <span>Info</span>
            </div> <!-- suite-section-title -->
            <div class="suite-section-content">
              <ul>
                <li>
                  <a href="#" class="navigator-link " panel-name="test-xml-Suite">
                    <span>C:\Users\Sachin\git\MGC\testng2.xml</span>
                  </a> <!-- navigator-link  -->
                </li>
                <li>
                  <a href="#" class="navigator-link " panel-name="testlist-Suite">
                    <span class="test-stats">2 tests</span>
                  </a> <!-- navigator-link  -->
                </li>
                <li>
                  <a href="#" class="navigator-link " panel-name="group-Suite">
                    <span>0 groups</span>
                  </a> <!-- navigator-link  -->
                </li>
                <li>
                  <a href="#" class="navigator-link " panel-name="times-Suite">
                    <span>Times</span>
                  </a> <!-- navigator-link  -->
                </li>
                <li>
                  <a href="#" class="navigator-link " panel-name="reporter-Suite">
                    <span>Reporter output</span>
                  </a> <!-- navigator-link  -->
                </li>
                <li>
                  <a href="#" class="navigator-link " panel-name="ignored-methods-Suite">
                    <span>Ignored methods</span>
                  </a> <!-- navigator-link  -->
                </li>
                <li>
                  <a href="#" class="navigator-link " panel-name="chronological-Suite">
                    <span>Chronological view</span>
                  </a> <!-- navigator-link  -->
                </li>
              </ul>
            </div> <!-- suite-section-content -->
            <div class="result-section">
              <div class="suite-section-title">
                <span>Results</span>
              </div> <!-- suite-section-title -->
              <div class="suite-section-content">
                <ul>
                  <li>
                    <span class="method-stats">14 methods, 10 failed,   4 passed</span>
                  </li>
                  <li>
                    <span class="method-list-title failed">Failed methods</span>
                    <span class="show-or-hide-methods failed">
                      <a href="#" panel-name="suite-Suite" class="hide-methods failed suite-Suite"> (hide)</a> <!-- hide-methods failed suite-Suite -->
                      <a href="#" panel-name="suite-Suite" class="show-methods failed suite-Suite"> (show)</a> <!-- show-methods failed suite-Suite -->
                    </span>
                    <div class="method-list-content failed suite-Suite">
                      <span>
                        <img width="3%" src="failed.png"/>
                        <a href="#" class="method navigator-link" panel-name="suite-Suite" title="script.Clinician_Reg_TC4" hash-for-method="clinicianReg">clinicianReg</a> <!-- method navigator-link -->
                      </span>
                      <br/>
                      <span>
                        <img width="3%" src="failed.png"/>
                        <a href="#" class="method navigator-link" panel-name="suite-Suite" title="script.Create_LLR_Request_TC9" hash-for-method="create_LLR_Request">create_LLR_Request</a> <!-- method navigator-link -->
                      </span>
                      <br/>
                      <span>
                        <img width="3%" src="failed.png"/>
                        <a href="#" class="method navigator-link" panel-name="suite-Suite" title="script.Create_LLR_Request_JPG_TC10" hash-for-method="create_LLR_jpg">create_LLR_jpg</a> <!-- method navigator-link -->
                      </span>
                      <br/>
                      <span>
                        <img width="3%" src="failed.png"/>
                        <a href="#" class="method navigator-link" panel-name="suite-Suite" title="script.Create_LLR_Request_PDF_TC12" hash-for-method="create_LLR_pdf">create_LLR_pdf</a> <!-- method navigator-link -->
                      </span>
                      <br/>
                      <span>
                        <img width="3%" src="failed.png"/>
                        <a href="#" class="method navigator-link" panel-name="suite-Suite" title="script.Create_LLR_Request_PNG_TC11" hash-for-method="create_LLR_png">create_LLR_png</a> <!-- method navigator-link -->
                      </span>
                      <br/>
                      <span>
                        <img width="3%" src="failed.png"/>
                        <a href="#" class="method navigator-link" panel-name="suite-Suite" title="script.Invalid_Email_TC2" hash-for-method="invalidEmail">invalidEmail</a> <!-- method navigator-link -->
                      </span>
                      <br/>
                      <span>
                        <img width="3%" src="failed.png"/>
                        <a href="#" class="method navigator-link" panel-name="suite-Suite" title="script.PaymentWithCard_TC7" hash-for-method="paymentWithCard">paymentWithCard</a> <!-- method navigator-link -->
                      </span>
                      <br/>
                      <span>
                        <img width="3%" src="failed.png"/>
                        <a href="#" class="method navigator-link" panel-name="suite-Suite" title="script.PaymentWithPaypal_TC8" hash-for-method="paymentWithPaypal">paymentWithPaypal</a> <!-- method navigator-link -->
                      </span>
                      <br/>
                      <span>
                        <img width="3%" src="failed.png"/>
                        <a href="#" class="method navigator-link" panel-name="suite-Suite" title="script.RegisterAfterSignout_TC3" hash-for-method="regAfterSignOut">regAfterSignOut</a> <!-- method navigator-link -->
                      </span>
                      <br/>
                      <span>
                        <img width="3%" src="failed.png"/>
                        <a href="#" class="method navigator-link" panel-name="suite-Suite" title="script.Valid_Email_TC1" hash-for-method="validEmail">validEmail</a> <!-- method navigator-link -->
                      </span>
                      <br/>
                    </div> <!-- method-list-content failed suite-Suite -->
                  </li>
                  <li>
                    <span class="method-list-title passed">Passed methods</span>
                    <span class="show-or-hide-methods passed">
                      <a href="#" panel-name="suite-Suite" class="hide-methods passed suite-Suite"> (hide)</a> <!-- hide-methods passed suite-Suite -->
                      <a href="#" panel-name="suite-Suite" class="show-methods passed suite-Suite"> (show)</a> <!-- show-methods passed suite-Suite -->
                    </span>
                    <div class="method-list-content passed suite-Suite">
                      <span>
                        <img width="3%" src="passed.png"/>
                        <a href="#" class="method navigator-link" panel-name="suite-Suite" title="script.CMS_Auto" hash-for-method="creationOfDDM">creationOfDDM</a> <!-- method navigator-link -->
                      </span>
                      <br/>
                      <span>
                        <img width="3%" src="passed.png"/>
                        <a href="#" class="method navigator-link" panel-name="suite-Suite" title="script.LabAdmin_Reg_TC5" hash-for-method="labAdminRegistration">labAdminRegistration</a> <!-- method navigator-link -->
                      </span>
                      <br/>
                      <span>
                        <img width="3%" src="passed.png"/>
                        <a href="#" class="method navigator-link" panel-name="suite-Suite" title="script.Others_Reg_TC6" hash-for-method="otherRegistration">otherRegistration</a> <!-- method navigator-link -->
                      </span>
                      <br/>
                      <span>
                        <img width="3%" src="passed.png"/>
                        <a href="#" class="method navigator-link" panel-name="suite-Suite" title="script.View_LLR_List_TC13" hash-for-method="view_LLR_List">view_LLR_List</a> <!-- method navigator-link -->
                      </span>
                      <br/>
                    </div> <!-- method-list-content passed suite-Suite -->
                  </li>
                </ul>
              </div> <!-- suite-section-content -->
            </div> <!-- result-section -->
          </div> <!-- navigator-suite-content -->
        </div> <!-- rounded-window -->
      </div> <!-- suite -->
    </div> <!-- navigator-root -->
    <div class="wrapper">
      <div class="main-panel-root">
        <div panel-name="suite-Suite" class="panel Suite">
          <div class="suite-Suite-class-failed">
            <div class="main-panel-header rounded-window-top">
              <img src="failed.png"/>
              <span class="class-name">script.PaymentWithCard_TC7</span>
            </div> <!-- main-panel-header rounded-window-top -->
            <div class="main-panel-content rounded-window-bottom">
              <div class="method">
                <div class="method-content">
                  <a name="paymentWithCard">
                  </a> <!-- paymentWithCard -->
                  <span class="method-name">paymentWithCard</span>
                  <div class="stack-trace">org.openqa.selenium.NoSuchElementException: no such element: Unable to locate element: {&quot;method&quot;:&quot;xpath&quot;,&quot;selector&quot;:&quot;//div[@class=&apos;pm-pay-details&apos;]&quot;}
  (Session info: chrome=70.0.3538.110)
  (Driver info: chromedriver=2.44.609538 (b655c5a60b0b544917107a59d4153d4bf78e1b90),platform=Windows NT 10.0.17134 x86_64) (WARNING: The server did not provide any stacktrace information)
Command duration or timeout: 0 milliseconds
For documentation on this error, please visit: http://seleniumhq.org/exceptions/no_such_element.html
Build info: version: &apos;3.14.0&apos;, revision: &apos;aacccce0&apos;, time: &apos;2018-08-02T20:13:22.693Z&apos;
System info: host: &apos;SACHIN&apos;, ip: &apos;192.168.0.9&apos;, os.name: &apos;Windows 10&apos;, os.arch: &apos;amd64&apos;, os.version: &apos;10.0&apos;, java.version: &apos;1.8.0_91&apos;
Driver info: org.openqa.selenium.chrome.ChromeDriver
Capabilities {acceptInsecureCerts: false, acceptSslCerts: false, applicationCacheEnabled: false, browserConnectionEnabled: false, browserName: chrome, chrome: {chromedriverVersion: 2.44.609538 (b655c5a60b0b54..., userDataDir: C:\Users\Sachin\AppData\Loc...}, cssSelectorsEnabled: true, databaseEnabled: false, goog:chromeOptions: {debuggerAddress: localhost:56431}, handlesAlerts: true, hasTouchScreen: false, javascriptEnabled: true, locationContextEnabled: true, mobileEmulationEnabled: false, nativeEvents: true, networkConnectionEnabled: false, pageLoadStrategy: normal, platform: XP, platformName: XP, rotatable: false, setWindowRect: true, takesHeapSnapshot: true, takesScreenshot: true, unexpectedAlertBehaviour: ignore, unhandledPromptBehavior: ignore, version: 70.0.3538.110, webStorageEnabled: true}
Session ID: 331beac45354020a51ba6278487360d6
*** Element info: {Using=xpath, value=//div[@class=&apos;pm-pay-details&apos;]}
	at org.openqa.selenium.remote.ErrorHandler.createThrowable(ErrorHandler.java:214)
	at org.openqa.selenium.remote.ErrorHandler.throwIfResponseFailed(ErrorHandler.java:166)
	at org.openqa.selenium.remote.http.JsonHttpResponseCodec.reconstructValue(JsonHttpResponseCodec.java:40)
	at org.openqa.selenium.remote.http.AbstractHttpResponseCodec.decode(AbstractHttpResponseCodec.java:80)
	at org.openqa.selenium.remote.http.AbstractHttpResponseCodec.decode(AbstractHttpResponseCodec.java:44)
	at org.openqa.selenium.remote.HttpCommandExecutor.execute(HttpCommandExecutor.java:158)
	at org.openqa.selenium.remote.service.DriverCommandExecutor.execute(DriverCommandExecutor.java:83)
	at org.openqa.selenium.remote.RemoteWebDriver.execute(RemoteWebDriver.java:548)
	at org.openqa.selenium.remote.RemoteWebDriver.findElement(RemoteWebDriver.java:322)
	at org.openqa.selenium.remote.RemoteWebDriver.findElementByXPath(RemoteWebDriver.java:424)
	at org.openqa.selenium.By$ByXPath.findElement(By.java:353)
	at org.openqa.selenium.remote.RemoteWebDriver.findElement(RemoteWebDriver.java:314)
	at org.openqa.selenium.support.pagefactory.DefaultElementLocator.findElement(DefaultElementLocator.java:69)
	at org.openqa.selenium.support.pagefactory.internal.LocatingElementHandler.invoke(LocatingElementHandler.java:38)
	at com.sun.proxy.$Proxy12.isDisplayed(Unknown Source)
	at page.PaymentPage.checkPaymentSection(PaymentPage.java:120)
	at script.PaymentWithCard_TC7.paymentWithCard(PaymentWithCard_TC7.java:33)
... Removed 28 stack frames
</div> <!-- stack-trace -->
                </div> <!-- method-content -->
              </div> <!-- method -->
            </div> <!-- main-panel-content rounded-window-bottom -->
          </div> <!-- suite-Suite-class-failed -->
          <div class="suite-Suite-class-failed">
            <div class="main-panel-header rounded-window-top">
              <img src="failed.png"/>
              <span class="class-name">script.Invalid_Email_TC2</span>
            </div> <!-- main-panel-header rounded-window-top -->
            <div class="main-panel-content rounded-window-bottom">
              <div class="method">
                <div class="method-content">
                  <a name="invalidEmail">
                  </a> <!-- invalidEmail -->
                  <span class="method-name">invalidEmail</span>
                  <div class="stack-trace">org.openqa.selenium.TimeoutException: Expected condition failed: waiting for text (&apos;Welcome to My Gene Counsel!&apos;) to be present in element [[ChromeDriver: chrome on XP (64067c921c44669ebdf26dbc67389688)] -&gt; xpath: //div[@class=&apos;login__title&apos;]] (tried for 10 second(s) with 500 milliseconds interval)
Build info: version: &apos;3.14.0&apos;, revision: &apos;aacccce0&apos;, time: &apos;2018-08-02T20:13:22.693Z&apos;
System info: host: &apos;SACHIN&apos;, ip: &apos;192.168.0.9&apos;, os.name: &apos;Windows 10&apos;, os.arch: &apos;amd64&apos;, os.version: &apos;10.0&apos;, java.version: &apos;1.8.0_91&apos;
Driver info: org.openqa.selenium.chrome.ChromeDriver
Capabilities {acceptInsecureCerts: false, acceptSslCerts: false, applicationCacheEnabled: false, browserConnectionEnabled: false, browserName: chrome, chrome: {chromedriverVersion: 2.44.609538 (b655c5a60b0b54..., userDataDir: C:\Users\Sachin\AppData\Loc...}, cssSelectorsEnabled: true, databaseEnabled: false, goog:chromeOptions: {debuggerAddress: localhost:55932}, handlesAlerts: true, hasTouchScreen: false, javascriptEnabled: true, locationContextEnabled: true, mobileEmulationEnabled: false, nativeEvents: true, networkConnectionEnabled: false, pageLoadStrategy: normal, platform: XP, platformName: XP, rotatable: false, setWindowRect: true, takesHeapSnapshot: true, takesScreenshot: true, unexpectedAlertBehaviour: ignore, unhandledPromptBehavior: ignore, version: 70.0.3538.110, webStorageEnabled: true}
Session ID: 64067c921c44669ebdf26dbc67389688
	at org.openqa.selenium.support.ui.WebDriverWait.timeoutException(WebDriverWait.java:113)
	at org.openqa.selenium.support.ui.FluentWait.until(FluentWait.java:283)
	at page.RegisterPage.waitForAccessCodePageLoad(RegisterPage.java:193)
	at script.Invalid_Email_TC2.invalidEmail(Invalid_Email_TC2.java:39)
... Removed 24 stack frames
</div> <!-- stack-trace -->
                </div> <!-- method-content -->
              </div> <!-- method -->
            </div> <!-- main-panel-content rounded-window-bottom -->
          </div> <!-- suite-Suite-class-failed -->
          <div class="suite-Suite-class-failed">
            <div class="main-panel-header rounded-window-top">
              <img src="failed.png"/>
              <span class="class-name">script.RegisterAfterSignout_TC3</span>
            </div> <!-- main-panel-header rounded-window-top -->
            <div class="main-panel-content rounded-window-bottom">
              <div class="method">
                <div class="method-content">
                  <a name="regAfterSignOut">
                  </a> <!-- regAfterSignOut -->
                  <span class="method-name">regAfterSignOut</span>
                  <div class="stack-trace">org.openqa.selenium.TimeoutException: Expected condition failed: waiting for text (&apos;Welcome to My Gene Counsel!&apos;) to be present in element [[ChromeDriver: chrome on XP (b86b5aaa2c5626b17f59ed62dbd3abd0)] -&gt; xpath: //div[@class=&apos;login__title&apos;]] (tried for 10 second(s) with 500 milliseconds interval)
Build info: version: &apos;3.14.0&apos;, revision: &apos;aacccce0&apos;, time: &apos;2018-08-02T20:13:22.693Z&apos;
System info: host: &apos;SACHIN&apos;, ip: &apos;192.168.0.9&apos;, os.name: &apos;Windows 10&apos;, os.arch: &apos;amd64&apos;, os.version: &apos;10.0&apos;, java.version: &apos;1.8.0_91&apos;
Driver info: org.openqa.selenium.chrome.ChromeDriver
Capabilities {acceptInsecureCerts: false, acceptSslCerts: false, applicationCacheEnabled: false, browserConnectionEnabled: false, browserName: chrome, chrome: {chromedriverVersion: 2.44.609538 (b655c5a60b0b54..., userDataDir: C:\Users\Sachin\AppData\Loc...}, cssSelectorsEnabled: true, databaseEnabled: false, goog:chromeOptions: {debuggerAddress: localhost:56048}, handlesAlerts: true, hasTouchScreen: false, javascriptEnabled: true, locationContextEnabled: true, mobileEmulationEnabled: false, nativeEvents: true, networkConnectionEnabled: false, pageLoadStrategy: normal, platform: XP, platformName: XP, rotatable: false, setWindowRect: true, takesHeapSnapshot: true, takesScreenshot: true, unexpectedAlertBehaviour: ignore, unhandledPromptBehavior: ignore, version: 70.0.3538.110, webStorageEnabled: true}
Session ID: b86b5aaa2c5626b17f59ed62dbd3abd0
	at org.openqa.selenium.support.ui.WebDriverWait.timeoutException(WebDriverWait.java:113)
	at org.openqa.selenium.support.ui.FluentWait.until(FluentWait.java:283)
	at page.RegisterPage.waitForAccessCodePageLoad(RegisterPage.java:193)
	at script.RegisterAfterSignout_TC3.regAfterSignOut(RegisterAfterSignout_TC3.java:31)
... Removed 24 stack frames
</div> <!-- stack-trace -->
                </div> <!-- method-content -->
              </div> <!-- method -->
            </div> <!-- main-panel-content rounded-window-bottom -->
          </div> <!-- suite-Suite-class-failed -->
          <div class="suite-Suite-class-failed">
            <div class="main-panel-header rounded-window-top">
              <img src="failed.png"/>
              <span class="class-name">script.Create_LLR_Request_JPG_TC10</span>
            </div> <!-- main-panel-header rounded-window-top -->
            <div class="main-panel-content rounded-window-bottom">
              <div class="method">
                <div class="method-content">
                  <a name="create_LLR_jpg">
                  </a> <!-- create_LLR_jpg -->
                  <span class="method-name">create_LLR_jpg</span>
                  <div class="stack-trace">org.openqa.selenium.WebDriverException: unknown error: Element &lt;a class=&quot;teal cursor__pointer font__medium&quot; href=&quot;/mgc-direct-web/userTermsAndCondition.do&quot; id=&quot;termId1&quot; target=&quot;_blank&quot;&gt;...&lt;/a&gt; is not clickable at point (491, 745). Other element would receive the click: &lt;div class=&quot;col-md-6&quot;&gt;...&lt;/div&gt;
  (Session info: chrome=70.0.3538.110)
  (Driver info: chromedriver=2.44.609538 (b655c5a60b0b544917107a59d4153d4bf78e1b90),platform=Windows NT 10.0.17134 x86_64) (WARNING: The server did not provide any stacktrace information)
Command duration or timeout: 0 milliseconds
Build info: version: &apos;3.14.0&apos;, revision: &apos;aacccce0&apos;, time: &apos;2018-08-02T20:13:22.693Z&apos;
System info: host: &apos;SACHIN&apos;, ip: &apos;192.168.0.9&apos;, os.name: &apos;Windows 10&apos;, os.arch: &apos;amd64&apos;, os.version: &apos;10.0&apos;, java.version: &apos;1.8.0_91&apos;
Driver info: org.openqa.selenium.chrome.ChromeDriver
Capabilities {acceptInsecureCerts: false, acceptSslCerts: false, applicationCacheEnabled: false, browserConnectionEnabled: false, browserName: chrome, chrome: {chromedriverVersion: 2.44.609538 (b655c5a60b0b54..., userDataDir: C:\Users\Sachin\AppData\Loc...}, cssSelectorsEnabled: true, databaseEnabled: false, goog:chromeOptions: {debuggerAddress: localhost:56969}, handlesAlerts: true, hasTouchScreen: false, javascriptEnabled: true, locationContextEnabled: true, mobileEmulationEnabled: false, nativeEvents: true, networkConnectionEnabled: false, pageLoadStrategy: normal, platform: XP, platformName: XP, rotatable: false, setWindowRect: true, takesHeapSnapshot: true, takesScreenshot: true, unexpectedAlertBehaviour: ignore, unhandledPromptBehavior: ignore, version: 70.0.3538.110, webStorageEnabled: true}
Session ID: 2a99fe45d488ec460b5f6348fcee3c29
	at org.openqa.selenium.remote.ErrorHandler.createThrowable(ErrorHandler.java:214)
	at org.openqa.selenium.remote.ErrorHandler.throwIfResponseFailed(ErrorHandler.java:166)
	at org.openqa.selenium.remote.http.JsonHttpResponseCodec.reconstructValue(JsonHttpResponseCodec.java:40)
	at org.openqa.selenium.remote.http.AbstractHttpResponseCodec.decode(AbstractHttpResponseCodec.java:80)
	at org.openqa.selenium.remote.http.AbstractHttpResponseCodec.decode(AbstractHttpResponseCodec.java:44)
	at org.openqa.selenium.remote.HttpCommandExecutor.execute(HttpCommandExecutor.java:158)
	at org.openqa.selenium.remote.service.DriverCommandExecutor.execute(DriverCommandExecutor.java:83)
	at org.openqa.selenium.remote.RemoteWebDriver.execute(RemoteWebDriver.java:548)
	at org.openqa.selenium.remote.RemoteWebElement.execute(RemoteWebElement.java:276)
	at org.openqa.selenium.remote.RemoteWebElement.click(RemoteWebElement.java:83)
	at org.openqa.selenium.support.pagefactory.internal.LocatingElementHandler.invoke(LocatingElementHandler.java:51)
	at com.sun.proxy.$Proxy12.click(Unknown Source)
	at page.LLR_RequestPage.clickTerms(LLR_RequestPage.java:189)
	at script.Create_LLR_Request_JPG_TC10.create_LLR_jpg(Create_LLR_Request_JPG_TC10.java:52)
... Removed 31 stack frames
</div> <!-- stack-trace -->
                </div> <!-- method-content -->
              </div> <!-- method -->
            </div> <!-- main-panel-content rounded-window-bottom -->
          </div> <!-- suite-Suite-class-failed -->
          <div class="suite-Suite-class-failed">
            <div class="main-panel-header rounded-window-top">
              <img src="failed.png"/>
              <span class="class-name">script.Create_LLR_Request_TC9</span>
            </div> <!-- main-panel-header rounded-window-top -->
            <div class="main-panel-content rounded-window-bottom">
              <div class="method">
                <div class="method-content">
                  <a name="create_LLR_Request">
                  </a> <!-- create_LLR_Request -->
                  <span class="method-name">create_LLR_Request</span>
                  <div class="stack-trace">org.openqa.selenium.WebDriverException: unknown error: Element &lt;a class=&quot;teal cursor__pointer font__medium&quot; href=&quot;/mgc-direct-web/userTermsAndCondition.do&quot; id=&quot;termId1&quot; target=&quot;_blank&quot;&gt;...&lt;/a&gt; is not clickable at point (491, 745). Other element would receive the click: &lt;div class=&quot;col-md-6&quot;&gt;...&lt;/div&gt;
  (Session info: chrome=70.0.3538.110)
  (Driver info: chromedriver=2.44.609538 (b655c5a60b0b544917107a59d4153d4bf78e1b90),platform=Windows NT 10.0.17134 x86_64) (WARNING: The server did not provide any stacktrace information)
Command duration or timeout: 0 milliseconds
Build info: version: &apos;3.14.0&apos;, revision: &apos;aacccce0&apos;, time: &apos;2018-08-02T20:13:22.693Z&apos;
System info: host: &apos;SACHIN&apos;, ip: &apos;192.168.0.9&apos;, os.name: &apos;Windows 10&apos;, os.arch: &apos;amd64&apos;, os.version: &apos;10.0&apos;, java.version: &apos;1.8.0_91&apos;
Driver info: org.openqa.selenium.chrome.ChromeDriver
Capabilities {acceptInsecureCerts: false, acceptSslCerts: false, applicationCacheEnabled: false, browserConnectionEnabled: false, browserName: chrome, chrome: {chromedriverVersion: 2.44.609538 (b655c5a60b0b54..., userDataDir: C:\Users\Sachin\AppData\Loc...}, cssSelectorsEnabled: true, databaseEnabled: false, goog:chromeOptions: {debuggerAddress: localhost:56817}, handlesAlerts: true, hasTouchScreen: false, javascriptEnabled: true, locationContextEnabled: true, mobileEmulationEnabled: false, nativeEvents: true, networkConnectionEnabled: false, pageLoadStrategy: normal, platform: XP, platformName: XP, rotatable: false, setWindowRect: true, takesHeapSnapshot: true, takesScreenshot: true, unexpectedAlertBehaviour: ignore, unhandledPromptBehavior: ignore, version: 70.0.3538.110, webStorageEnabled: true}
Session ID: 7e82b664a862e5c9350807935dc8db4f
	at org.openqa.selenium.remote.ErrorHandler.createThrowable(ErrorHandler.java:214)
	at org.openqa.selenium.remote.ErrorHandler.throwIfResponseFailed(ErrorHandler.java:166)
	at org.openqa.selenium.remote.http.JsonHttpResponseCodec.reconstructValue(JsonHttpResponseCodec.java:40)
	at org.openqa.selenium.remote.http.AbstractHttpResponseCodec.decode(AbstractHttpResponseCodec.java:80)
	at org.openqa.selenium.remote.http.AbstractHttpResponseCodec.decode(AbstractHttpResponseCodec.java:44)
	at org.openqa.selenium.remote.HttpCommandExecutor.execute(HttpCommandExecutor.java:158)
	at org.openqa.selenium.remote.service.DriverCommandExecutor.execute(DriverCommandExecutor.java:83)
	at org.openqa.selenium.remote.RemoteWebDriver.execute(RemoteWebDriver.java:548)
	at org.openqa.selenium.remote.RemoteWebElement.execute(RemoteWebElement.java:276)
	at org.openqa.selenium.remote.RemoteWebElement.click(RemoteWebElement.java:83)
	at org.openqa.selenium.support.pagefactory.internal.LocatingElementHandler.invoke(LocatingElementHandler.java:51)
	at com.sun.proxy.$Proxy12.click(Unknown Source)
	at page.LLR_RequestPage.clickTerms(LLR_RequestPage.java:189)
	at script.Create_LLR_Request_TC9.create_LLR_Request(Create_LLR_Request_TC9.java:50)
... Removed 31 stack frames
</div> <!-- stack-trace -->
                </div> <!-- method-content -->
              </div> <!-- method -->
            </div> <!-- main-panel-content rounded-window-bottom -->
          </div> <!-- suite-Suite-class-failed -->
          <div class="suite-Suite-class-failed">
            <div class="main-panel-header rounded-window-top">
              <img src="failed.png"/>
              <span class="class-name">script.Create_LLR_Request_PNG_TC11</span>
            </div> <!-- main-panel-header rounded-window-top -->
            <div class="main-panel-content rounded-window-bottom">
              <div class="method">
                <div class="method-content">
                  <a name="create_LLR_png">
                  </a> <!-- create_LLR_png -->
                  <span class="method-name">create_LLR_png</span>
                  <div class="stack-trace">org.openqa.selenium.NoSuchElementException: no such element: Unable to locate element: {&quot;method&quot;:&quot;xpath&quot;,&quot;selector&quot;:&quot;//td[@class=&apos;today active start-date active end-date available&apos;]&quot;}
  (Session info: chrome=70.0.3538.110)
  (Driver info: chromedriver=2.44.609538 (b655c5a60b0b544917107a59d4153d4bf78e1b90),platform=Windows NT 10.0.17134 x86_64) (WARNING: The server did not provide any stacktrace information)
Command duration or timeout: 0 milliseconds
For documentation on this error, please visit: http://seleniumhq.org/exceptions/no_such_element.html
Build info: version: &apos;3.14.0&apos;, revision: &apos;aacccce0&apos;, time: &apos;2018-08-02T20:13:22.693Z&apos;
System info: host: &apos;SACHIN&apos;, ip: &apos;192.168.0.9&apos;, os.name: &apos;Windows 10&apos;, os.arch: &apos;amd64&apos;, os.version: &apos;10.0&apos;, java.version: &apos;1.8.0_91&apos;
Driver info: org.openqa.selenium.chrome.ChromeDriver
Capabilities {acceptInsecureCerts: false, acceptSslCerts: false, applicationCacheEnabled: false, browserConnectionEnabled: false, browserName: chrome, chrome: {chromedriverVersion: 2.44.609538 (b655c5a60b0b54..., userDataDir: C:\Users\Sachin\AppData\Loc...}, cssSelectorsEnabled: true, databaseEnabled: false, goog:chromeOptions: {debuggerAddress: localhost:57113}, handlesAlerts: true, hasTouchScreen: false, javascriptEnabled: true, locationContextEnabled: true, mobileEmulationEnabled: false, nativeEvents: true, networkConnectionEnabled: false, pageLoadStrategy: normal, platform: XP, platformName: XP, rotatable: false, setWindowRect: true, takesHeapSnapshot: true, takesScreenshot: true, unexpectedAlertBehaviour: ignore, unhandledPromptBehavior: ignore, version: 70.0.3538.110, webStorageEnabled: true}
Session ID: ea610693cdc91028fe08a45c36df6071
*** Element info: {Using=xpath, value=//td[@class=&apos;today active start-date active end-date available&apos;]}
	at org.openqa.selenium.remote.ErrorHandler.createThrowable(ErrorHandler.java:214)
	at org.openqa.selenium.remote.ErrorHandler.throwIfResponseFailed(ErrorHandler.java:166)
	at org.openqa.selenium.remote.http.JsonHttpResponseCodec.reconstructValue(JsonHttpResponseCodec.java:40)
	at org.openqa.selenium.remote.http.AbstractHttpResponseCodec.decode(AbstractHttpResponseCodec.java:80)
	at org.openqa.selenium.remote.http.AbstractHttpResponseCodec.decode(AbstractHttpResponseCodec.java:44)
	at org.openqa.selenium.remote.HttpCommandExecutor.execute(HttpCommandExecutor.java:158)
	at org.openqa.selenium.remote.service.DriverCommandExecutor.execute(DriverCommandExecutor.java:83)
	at org.openqa.selenium.remote.RemoteWebDriver.execute(RemoteWebDriver.java:548)
	at org.openqa.selenium.remote.RemoteWebDriver.findElement(RemoteWebDriver.java:322)
	at org.openqa.selenium.remote.RemoteWebDriver.findElementByXPath(RemoteWebDriver.java:424)
	at org.openqa.selenium.By$ByXPath.findElement(By.java:353)
	at org.openqa.selenium.remote.RemoteWebDriver.findElement(RemoteWebDriver.java:314)
	at org.openqa.selenium.support.pagefactory.DefaultElementLocator.findElement(DefaultElementLocator.java:69)
	at org.openqa.selenium.support.pagefactory.internal.LocatingElementHandler.invoke(LocatingElementHandler.java:38)
	at com.sun.proxy.$Proxy12.click(Unknown Source)
	at page.LLR_RequestPage.selectDate(LLR_RequestPage.java:151)
	at script.Create_LLR_Request_PNG_TC11.create_LLR_png(Create_LLR_Request_PNG_TC11.java:42)
... Removed 28 stack frames
</div> <!-- stack-trace -->
                </div> <!-- method-content -->
              </div> <!-- method -->
            </div> <!-- main-panel-content rounded-window-bottom -->
          </div> <!-- suite-Suite-class-failed -->
          <div class="suite-Suite-class-failed">
            <div class="main-panel-header rounded-window-top">
              <img src="failed.png"/>
              <span class="class-name">script.PaymentWithPaypal_TC8</span>
            </div> <!-- main-panel-header rounded-window-top -->
            <div class="main-panel-content rounded-window-bottom">
              <div class="method">
                <div class="method-content">
                  <a name="paymentWithPaypal">
                  </a> <!-- paymentWithPaypal -->
                  <span class="method-name">paymentWithPaypal</span>
                  <div class="stack-trace">org.openqa.selenium.NoSuchElementException: no such element: Unable to locate element: {&quot;method&quot;:&quot;xpath&quot;,&quot;selector&quot;:&quot;//div[@class=&apos;pm-pay-details&apos;]&quot;}
  (Session info: chrome=70.0.3538.110)
  (Driver info: chromedriver=2.44.609538 (b655c5a60b0b544917107a59d4153d4bf78e1b90),platform=Windows NT 10.0.17134 x86_64) (WARNING: The server did not provide any stacktrace information)
Command duration or timeout: 0 milliseconds
For documentation on this error, please visit: http://seleniumhq.org/exceptions/no_such_element.html
Build info: version: &apos;3.14.0&apos;, revision: &apos;aacccce0&apos;, time: &apos;2018-08-02T20:13:22.693Z&apos;
System info: host: &apos;SACHIN&apos;, ip: &apos;192.168.0.9&apos;, os.name: &apos;Windows 10&apos;, os.arch: &apos;amd64&apos;, os.version: &apos;10.0&apos;, java.version: &apos;1.8.0_91&apos;
Driver info: org.openqa.selenium.chrome.ChromeDriver
Capabilities {acceptInsecureCerts: false, acceptSslCerts: false, applicationCacheEnabled: false, browserConnectionEnabled: false, browserName: chrome, chrome: {chromedriverVersion: 2.44.609538 (b655c5a60b0b54..., userDataDir: C:\Users\Sachin\AppData\Loc...}, cssSelectorsEnabled: true, databaseEnabled: false, goog:chromeOptions: {debuggerAddress: localhost:56537}, handlesAlerts: true, hasTouchScreen: false, javascriptEnabled: true, locationContextEnabled: true, mobileEmulationEnabled: false, nativeEvents: true, networkConnectionEnabled: false, pageLoadStrategy: normal, platform: XP, platformName: XP, rotatable: false, setWindowRect: true, takesHeapSnapshot: true, takesScreenshot: true, unexpectedAlertBehaviour: ignore, unhandledPromptBehavior: ignore, version: 70.0.3538.110, webStorageEnabled: true}
Session ID: 1325adb828693dd4b4b396887b786120
*** Element info: {Using=xpath, value=//div[@class=&apos;pm-pay-details&apos;]}
	at org.openqa.selenium.remote.ErrorHandler.createThrowable(ErrorHandler.java:214)
	at org.openqa.selenium.remote.ErrorHandler.throwIfResponseFailed(ErrorHandler.java:166)
	at org.openqa.selenium.remote.http.JsonHttpResponseCodec.reconstructValue(JsonHttpResponseCodec.java:40)
	at org.openqa.selenium.remote.http.AbstractHttpResponseCodec.decode(AbstractHttpResponseCodec.java:80)
	at org.openqa.selenium.remote.http.AbstractHttpResponseCodec.decode(AbstractHttpResponseCodec.java:44)
	at org.openqa.selenium.remote.HttpCommandExecutor.execute(HttpCommandExecutor.java:158)
	at org.openqa.selenium.remote.service.DriverCommandExecutor.execute(DriverCommandExecutor.java:83)
	at org.openqa.selenium.remote.RemoteWebDriver.execute(RemoteWebDriver.java:548)
	at org.openqa.selenium.remote.RemoteWebDriver.findElement(RemoteWebDriver.java:322)
	at org.openqa.selenium.remote.RemoteWebDriver.findElementByXPath(RemoteWebDriver.java:424)
	at org.openqa.selenium.By$ByXPath.findElement(By.java:353)
	at org.openqa.selenium.remote.RemoteWebDriver.findElement(RemoteWebDriver.java:314)
	at org.openqa.selenium.support.pagefactory.DefaultElementLocator.findElement(DefaultElementLocator.java:69)
	at org.openqa.selenium.support.pagefactory.internal.LocatingElementHandler.invoke(LocatingElementHandler.java:38)
	at com.sun.proxy.$Proxy12.isDisplayed(Unknown Source)
	at page.PaymentPage.checkPaymentSection(PaymentPage.java:120)
	at script.PaymentWithPaypal_TC8.paymentWithPaypal(PaymentWithPaypal_TC8.java:33)
... Removed 28 stack frames
</div> <!-- stack-trace -->
                </div> <!-- method-content -->
              </div> <!-- method -->
            </div> <!-- main-panel-content rounded-window-bottom -->
          </div> <!-- suite-Suite-class-failed -->
          <div class="suite-Suite-class-failed">
            <div class="main-panel-header rounded-window-top">
              <img src="failed.png"/>
              <span class="class-name">script.Valid_Email_TC1</span>
            </div> <!-- main-panel-header rounded-window-top -->
            <div class="main-panel-content rounded-window-bottom">
              <div class="method">
                <div class="method-content">
                  <a name="validEmail">
                  </a> <!-- validEmail -->
                  <span class="method-name">validEmail</span>
                  <div class="stack-trace">org.openqa.selenium.NoSuchElementException: no such element: Unable to locate element: {&quot;method&quot;:&quot;xpath&quot;,&quot;selector&quot;:&quot;//div[@class=&apos;pm-pay-details&apos;]&quot;}
  (Session info: chrome=70.0.3538.110)
  (Driver info: chromedriver=2.44.609538 (b655c5a60b0b544917107a59d4153d4bf78e1b90),platform=Windows NT 10.0.17134 x86_64) (WARNING: The server did not provide any stacktrace information)
Command duration or timeout: 0 milliseconds
For documentation on this error, please visit: http://seleniumhq.org/exceptions/no_such_element.html
Build info: version: &apos;3.14.0&apos;, revision: &apos;aacccce0&apos;, time: &apos;2018-08-02T20:13:22.693Z&apos;
System info: host: &apos;SACHIN&apos;, ip: &apos;192.168.0.9&apos;, os.name: &apos;Windows 10&apos;, os.arch: &apos;amd64&apos;, os.version: &apos;10.0&apos;, java.version: &apos;1.8.0_91&apos;
Driver info: org.openqa.selenium.chrome.ChromeDriver
Capabilities {acceptInsecureCerts: false, acceptSslCerts: false, applicationCacheEnabled: false, browserConnectionEnabled: false, browserName: chrome, chrome: {chromedriverVersion: 2.44.609538 (b655c5a60b0b54..., userDataDir: C:\Users\Sachin\AppData\Loc...}, cssSelectorsEnabled: true, databaseEnabled: false, goog:chromeOptions: {debuggerAddress: localhost:55721}, handlesAlerts: true, hasTouchScreen: false, javascriptEnabled: true, locationContextEnabled: true, mobileEmulationEnabled: false, nativeEvents: true, networkConnectionEnabled: false, pageLoadStrategy: normal, platform: XP, platformName: XP, rotatable: false, setWindowRect: true, takesHeapSnapshot: true, takesScreenshot: true, unexpectedAlertBehaviour: ignore, unhandledPromptBehavior: ignore, version: 70.0.3538.110, webStorageEnabled: true}
Session ID: 48fb024bdacfe13aae38502025608a29
*** Element info: {Using=xpath, value=//div[@class=&apos;pm-pay-details&apos;]}
	at org.openqa.selenium.remote.ErrorHandler.createThrowable(ErrorHandler.java:214)
	at org.openqa.selenium.remote.ErrorHandler.throwIfResponseFailed(ErrorHandler.java:166)
	at org.openqa.selenium.remote.http.JsonHttpResponseCodec.reconstructValue(JsonHttpResponseCodec.java:40)
	at org.openqa.selenium.remote.http.AbstractHttpResponseCodec.decode(AbstractHttpResponseCodec.java:80)
	at org.openqa.selenium.remote.http.AbstractHttpResponseCodec.decode(AbstractHttpResponseCodec.java:44)
	at org.openqa.selenium.remote.HttpCommandExecutor.execute(HttpCommandExecutor.java:158)
	at org.openqa.selenium.remote.service.DriverCommandExecutor.execute(DriverCommandExecutor.java:83)
	at org.openqa.selenium.remote.RemoteWebDriver.execute(RemoteWebDriver.java:548)
	at org.openqa.selenium.remote.RemoteWebDriver.findElement(RemoteWebDriver.java:322)
	at org.openqa.selenium.remote.RemoteWebDriver.findElementByXPath(RemoteWebDriver.java:424)
	at org.openqa.selenium.By$ByXPath.findElement(By.java:353)
	at org.openqa.selenium.remote.RemoteWebDriver.findElement(RemoteWebDriver.java:314)
	at org.openqa.selenium.support.pagefactory.DefaultElementLocator.findElement(DefaultElementLocator.java:69)
	at org.openqa.selenium.support.pagefactory.internal.LocatingElementHandler.invoke(LocatingElementHandler.java:38)
	at com.sun.proxy.$Proxy12.isDisplayed(Unknown Source)
	at page.PaymentPage.checkPaymentSection(PaymentPage.java:120)
	at script.Valid_Email_TC1.validEmail(Valid_Email_TC1.java:50)
... Removed 28 stack frames
</div> <!-- stack-trace -->
                </div> <!-- method-content -->
              </div> <!-- method -->
            </div> <!-- main-panel-content rounded-window-bottom -->
          </div> <!-- suite-Suite-class-failed -->
          <div class="suite-Suite-class-failed">
            <div class="main-panel-header rounded-window-top">
              <img src="failed.png"/>
              <span class="class-name">script.Create_LLR_Request_PDF_TC12</span>
            </div> <!-- main-panel-header rounded-window-top -->
            <div class="main-panel-content rounded-window-bottom">
              <div class="method">
                <div class="method-content">
                  <a name="create_LLR_pdf">
                  </a> <!-- create_LLR_pdf -->
                  <span class="method-name">create_LLR_pdf</span>
                  <div class="stack-trace">org.openqa.selenium.NoSuchElementException: no such element: Unable to locate element: {&quot;method&quot;:&quot;xpath&quot;,&quot;selector&quot;:&quot;//td[@class=&apos;today active start-date active end-date available&apos;]&quot;}
  (Session info: chrome=70.0.3538.110)
  (Driver info: chromedriver=2.44.609538 (b655c5a60b0b544917107a59d4153d4bf78e1b90),platform=Windows NT 10.0.17134 x86_64) (WARNING: The server did not provide any stacktrace information)
Command duration or timeout: 0 milliseconds
For documentation on this error, please visit: http://seleniumhq.org/exceptions/no_such_element.html
Build info: version: &apos;3.14.0&apos;, revision: &apos;aacccce0&apos;, time: &apos;2018-08-02T20:13:22.693Z&apos;
System info: host: &apos;SACHIN&apos;, ip: &apos;192.168.0.9&apos;, os.name: &apos;Windows 10&apos;, os.arch: &apos;amd64&apos;, os.version: &apos;10.0&apos;, java.version: &apos;1.8.0_91&apos;
Driver info: org.openqa.selenium.chrome.ChromeDriver
Capabilities {acceptInsecureCerts: false, acceptSslCerts: false, applicationCacheEnabled: false, browserConnectionEnabled: false, browserName: chrome, chrome: {chromedriverVersion: 2.44.609538 (b655c5a60b0b54..., userDataDir: C:\Users\Sachin\AppData\Loc...}, cssSelectorsEnabled: true, databaseEnabled: false, goog:chromeOptions: {debuggerAddress: localhost:57246}, handlesAlerts: true, hasTouchScreen: false, javascriptEnabled: true, locationContextEnabled: true, mobileEmulationEnabled: false, nativeEvents: true, networkConnectionEnabled: false, pageLoadStrategy: normal, platform: XP, platformName: XP, rotatable: false, setWindowRect: true, takesHeapSnapshot: true, takesScreenshot: true, unexpectedAlertBehaviour: ignore, unhandledPromptBehavior: ignore, version: 70.0.3538.110, webStorageEnabled: true}
Session ID: d82bfa7b9dcc930ff515583dbe44ef50
*** Element info: {Using=xpath, value=//td[@class=&apos;today active start-date active end-date available&apos;]}
	at org.openqa.selenium.remote.ErrorHandler.createThrowable(ErrorHandler.java:214)
	at org.openqa.selenium.remote.ErrorHandler.throwIfResponseFailed(ErrorHandler.java:166)
	at org.openqa.selenium.remote.http.JsonHttpResponseCodec.reconstructValue(JsonHttpResponseCodec.java:40)
	at org.openqa.selenium.remote.http.AbstractHttpResponseCodec.decode(AbstractHttpResponseCodec.java:80)
	at org.openqa.selenium.remote.http.AbstractHttpResponseCodec.decode(AbstractHttpResponseCodec.java:44)
	at org.openqa.selenium.remote.HttpCommandExecutor.execute(HttpCommandExecutor.java:158)
	at org.openqa.selenium.remote.service.DriverCommandExecutor.execute(DriverCommandExecutor.java:83)
	at org.openqa.selenium.remote.RemoteWebDriver.execute(RemoteWebDriver.java:548)
	at org.openqa.selenium.remote.RemoteWebDriver.findElement(RemoteWebDriver.java:322)
	at org.openqa.selenium.remote.RemoteWebDriver.findElementByXPath(RemoteWebDriver.java:424)
	at org.openqa.selenium.By$ByXPath.findElement(By.java:353)
	at org.openqa.selenium.remote.RemoteWebDriver.findElement(RemoteWebDriver.java:314)
	at org.openqa.selenium.support.pagefactory.DefaultElementLocator.findElement(DefaultElementLocator.java:69)
	at org.openqa.selenium.support.pagefactory.internal.LocatingElementHandler.invoke(LocatingElementHandler.java:38)
	at com.sun.proxy.$Proxy12.click(Unknown Source)
	at page.LLR_RequestPage.selectDate(LLR_RequestPage.java:151)
	at script.Create_LLR_Request_PDF_TC12.create_LLR_pdf(Create_LLR_Request_PDF_TC12.java:44)
... Removed 28 stack frames
</div> <!-- stack-trace -->
                </div> <!-- method-content -->
              </div> <!-- method -->
            </div> <!-- main-panel-content rounded-window-bottom -->
          </div> <!-- suite-Suite-class-failed -->
          <div class="suite-Suite-class-failed">
            <div class="main-panel-header rounded-window-top">
              <img src="failed.png"/>
              <span class="class-name">script.Clinician_Reg_TC4</span>
            </div> <!-- main-panel-header rounded-window-top -->
            <div class="main-panel-content rounded-window-bottom">
              <div class="method">
                <div class="method-content">
                  <a name="clinicianReg">
                  </a> <!-- clinicianReg -->
                  <span class="method-name">clinicianReg</span>
                  <div class="stack-trace">java.lang.AssertionError: null
	at page.RegisterPage.checkForRegSuccess(RegisterPage.java:232)
	at script.Clinician_Reg_TC4.clinicianReg(Clinician_Reg_TC4.java:33)
... Removed 26 stack frames
</div> <!-- stack-trace -->
                </div> <!-- method-content -->
              </div> <!-- method -->
            </div> <!-- main-panel-content rounded-window-bottom -->
          </div> <!-- suite-Suite-class-failed -->
          <div class="suite-Suite-class-passed">
            <div class="main-panel-header rounded-window-top">
              <img src="passed.png"/>
              <span class="class-name">script.CMS_Auto</span>
            </div> <!-- main-panel-header rounded-window-top -->
            <div class="main-panel-content rounded-window-bottom">
              <div class="method">
                <div class="method-content">
                  <a name="creationOfDDM">
                  </a> <!-- creationOfDDM -->
                  <span class="method-name">creationOfDDM</span>
                </div> <!-- method-content -->
              </div> <!-- method -->
            </div> <!-- main-panel-content rounded-window-bottom -->
          </div> <!-- suite-Suite-class-passed -->
          <div class="suite-Suite-class-passed">
            <div class="main-panel-header rounded-window-top">
              <img src="passed.png"/>
              <span class="class-name">script.View_LLR_List_TC13</span>
            </div> <!-- main-panel-header rounded-window-top -->
            <div class="main-panel-content rounded-window-bottom">
              <div class="method">
                <div class="method-content">
                  <a name="view_LLR_List">
                  </a> <!-- view_LLR_List -->
                  <span class="method-name">view_LLR_List</span>
                </div> <!-- method-content -->
              </div> <!-- method -->
            </div> <!-- main-panel-content rounded-window-bottom -->
          </div> <!-- suite-Suite-class-passed -->
          <div class="suite-Suite-class-passed">
            <div class="main-panel-header rounded-window-top">
              <img src="passed.png"/>
              <span class="class-name">script.Others_Reg_TC6</span>
            </div> <!-- main-panel-header rounded-window-top -->
            <div class="main-panel-content rounded-window-bottom">
              <div class="method">
                <div class="method-content">
                  <a name="otherRegistration">
                  </a> <!-- otherRegistration -->
                  <span class="method-name">otherRegistration</span>
                </div> <!-- method-content -->
              </div> <!-- method -->
            </div> <!-- main-panel-content rounded-window-bottom -->
          </div> <!-- suite-Suite-class-passed -->
          <div class="suite-Suite-class-passed">
            <div class="main-panel-header rounded-window-top">
              <img src="passed.png"/>
              <span class="class-name">script.LabAdmin_Reg_TC5</span>
            </div> <!-- main-panel-header rounded-window-top -->
            <div class="main-panel-content rounded-window-bottom">
              <div class="method">
                <div class="method-content">
                  <a name="labAdminRegistration">
                  </a> <!-- labAdminRegistration -->
                  <span class="method-name">labAdminRegistration</span>
                </div> <!-- method-content -->
              </div> <!-- method -->
            </div> <!-- main-panel-content rounded-window-bottom -->
          </div> <!-- suite-Suite-class-passed -->
        </div> <!-- panel Suite -->
        <div panel-name="test-xml-Suite" class="panel">
          <div class="main-panel-header rounded-window-top">
            <span class="header-content">C:\Users\Sachin\git\MGC\testng2.xml</span>
          </div> <!-- main-panel-header rounded-window-top -->
          <div class="main-panel-content rounded-window-bottom">
            <pre>
&lt;?xml version=&quot;1.0&quot; encoding=&quot;UTF-8&quot;?&gt;
&lt;!DOCTYPE suite SYSTEM &quot;http://testng.org/testng-1.0.dtd&quot;&gt;
&lt;suite guice-stage=&quot;DEVELOPMENT&quot; name=&quot;Suite&quot;&gt;
  &lt;test name=&quot;Test&quot;&gt;
    &lt;classes&gt;
      &lt;class name=&quot;script.Valid_Email_TC1&quot;/&gt;
      &lt;class name=&quot;script.Invalid_Email_TC2&quot;/&gt;
      &lt;class name=&quot;script.RegisterAfterSignout_TC3&quot;/&gt;
      &lt;class name=&quot;script.Clinician_Reg_TC4&quot;/&gt;
      &lt;class name=&quot;script.LabAdmin_Reg_TC5&quot;/&gt;
      &lt;class name=&quot;script.Others_Reg_TC6&quot;/&gt;
      &lt;class name=&quot;script.PaymentWithCard_TC7&quot;/&gt;
      &lt;class name=&quot;script.PaymentWithPaypal_TC8&quot;/&gt;
      &lt;class name=&quot;script.CMS_Auto&quot;/&gt;
      &lt;class name=&quot;script.Create_LLR_Request_TC9&quot;/&gt;
      &lt;class name=&quot;script.Create_LLR_Request_JPG_TC10&quot;/&gt;
      &lt;class name=&quot;script.Create_LLR_Request_PNG_TC11&quot;/&gt;
      &lt;class name=&quot;script.Create_LLR_Request_PDF_TC12&quot;/&gt;
      &lt;class name=&quot;script.View_LLR_List_TC13&quot;/&gt;
    &lt;/classes&gt;
  &lt;/test&gt; &lt;!-- Test --&gt;
  &lt;test name=&quot;Test(failed)&quot;&gt;
    &lt;classes&gt;
      &lt;class name=&quot;script.CMS_Auto&quot;&gt;
        &lt;methods&gt;
          &lt;include name=&quot;openApp&quot;/&gt;
          &lt;include name=&quot;closeApp&quot;/&gt;
        &lt;/methods&gt;
      &lt;/class&gt; &lt;!-- script.CMS_Auto --&gt;
      &lt;class name=&quot;script.Create_LLR_Request_JPG_TC10&quot;&gt;
        &lt;methods&gt;
          &lt;include name=&quot;openApp&quot;/&gt;
          &lt;include name=&quot;create_LLR_jpg&quot;/&gt;
          &lt;include name=&quot;closeApp&quot;/&gt;
        &lt;/methods&gt;
      &lt;/class&gt; &lt;!-- script.Create_LLR_Request_JPG_TC10 --&gt;
      &lt;class name=&quot;script.Create_LLR_Request_PNG_TC11&quot;&gt;
        &lt;methods&gt;
          &lt;include name=&quot;openApp&quot;/&gt;
          &lt;include name=&quot;create_LLR_png&quot;/&gt;
          &lt;include name=&quot;closeApp&quot;/&gt;
        &lt;/methods&gt;
      &lt;/class&gt; &lt;!-- script.Create_LLR_Request_PNG_TC11 --&gt;
      &lt;class name=&quot;script.Others_Reg_TC6&quot;&gt;
        &lt;methods&gt;
          &lt;include name=&quot;openApp&quot;/&gt;
          &lt;include name=&quot;closeApp&quot;/&gt;
        &lt;/methods&gt;
      &lt;/class&gt; &lt;!-- script.Others_Reg_TC6 --&gt;
      &lt;class name=&quot;script.LabAdmin_Reg_TC5&quot;&gt;
        &lt;methods&gt;
          &lt;include name=&quot;openApp&quot;/&gt;
          &lt;include name=&quot;closeApp&quot;/&gt;
        &lt;/methods&gt;
      &lt;/class&gt; &lt;!-- script.LabAdmin_Reg_TC5 --&gt;
      &lt;class name=&quot;script.PaymentWithCard_TC7&quot;&gt;
        &lt;methods&gt;
          &lt;include name=&quot;openApp&quot;/&gt;
          &lt;include name=&quot;paymentWithCard&quot;/&gt;
          &lt;include name=&quot;closeApp&quot;/&gt;
        &lt;/methods&gt;
      &lt;/class&gt; &lt;!-- script.PaymentWithCard_TC7 --&gt;
      &lt;class name=&quot;script.View_LLR_List_TC13&quot;&gt;
        &lt;methods&gt;
          &lt;include name=&quot;openApp&quot;/&gt;
          &lt;include name=&quot;closeApp&quot;/&gt;
        &lt;/methods&gt;
      &lt;/class&gt; &lt;!-- script.View_LLR_List_TC13 --&gt;
      &lt;class name=&quot;script.Invalid_Email_TC2&quot;&gt;
        &lt;methods&gt;
          &lt;include name=&quot;openApp&quot;/&gt;
          &lt;include name=&quot;invalidEmail&quot;/&gt;
          &lt;include name=&quot;closeApp&quot;/&gt;
        &lt;/methods&gt;
      &lt;/class&gt; &lt;!-- script.Invalid_Email_TC2 --&gt;
      &lt;class name=&quot;script.RegisterAfterSignout_TC3&quot;&gt;
        &lt;methods&gt;
          &lt;include name=&quot;openApp&quot;/&gt;
          &lt;include name=&quot;regAfterSignOut&quot;/&gt;
          &lt;include name=&quot;closeApp&quot;/&gt;
        &lt;/methods&gt;
      &lt;/class&gt; &lt;!-- script.RegisterAfterSignout_TC3 --&gt;
      &lt;class name=&quot;script.Create_LLR_Request_TC9&quot;&gt;
        &lt;methods&gt;
          &lt;include name=&quot;openApp&quot;/&gt;
          &lt;include name=&quot;create_LLR_Request&quot;/&gt;
          &lt;include name=&quot;closeApp&quot;/&gt;
        &lt;/methods&gt;
      &lt;/class&gt; &lt;!-- script.Create_LLR_Request_TC9 --&gt;
      &lt;class name=&quot;script.PaymentWithPaypal_TC8&quot;&gt;
        &lt;methods&gt;
          &lt;include name=&quot;openApp&quot;/&gt;
          &lt;include name=&quot;paymentWithPaypal&quot;/&gt;
          &lt;include name=&quot;closeApp&quot;/&gt;
        &lt;/methods&gt;
      &lt;/class&gt; &lt;!-- script.PaymentWithPaypal_TC8 --&gt;
      &lt;class name=&quot;script.Valid_Email_TC1&quot;&gt;
        &lt;methods&gt;
          &lt;include name=&quot;validEmail&quot;/&gt;
          &lt;include name=&quot;openApp&quot;/&gt;
          &lt;include name=&quot;closeApp&quot;/&gt;
        &lt;/methods&gt;
      &lt;/class&gt; &lt;!-- script.Valid_Email_TC1 --&gt;
      &lt;class name=&quot;script.Create_LLR_Request_PDF_TC12&quot;&gt;
        &lt;methods&gt;
          &lt;include name=&quot;openApp&quot;/&gt;
          &lt;include name=&quot;create_LLR_pdf&quot;/&gt;
          &lt;include name=&quot;closeApp&quot;/&gt;
        &lt;/methods&gt;
      &lt;/class&gt; &lt;!-- script.Create_LLR_Request_PDF_TC12 --&gt;
      &lt;class name=&quot;script.Clinician_Reg_TC4&quot;&gt;
        &lt;methods&gt;
          &lt;include name=&quot;openApp&quot;/&gt;
          &lt;include name=&quot;clinicianReg&quot;/&gt;
          &lt;include name=&quot;closeApp&quot;/&gt;
        &lt;/methods&gt;
      &lt;/class&gt; &lt;!-- script.Clinician_Reg_TC4 --&gt;
    &lt;/classes&gt;
  &lt;/test&gt; &lt;!-- Test(failed) --&gt;
&lt;/suite&gt; &lt;!-- Suite --&gt;
            </pre>
          </div> <!-- main-panel-content rounded-window-bottom -->
        </div> <!-- panel -->
        <div panel-name="testlist-Suite" class="panel">
          <div class="main-panel-header rounded-window-top">
            <span class="header-content">Tests for Suite</span>
          </div> <!-- main-panel-header rounded-window-top -->
          <div class="main-panel-content rounded-window-bottom">
            <ul>
              <li>
                <span class="test-name">Test (14 classes)</span>
              </li>
              <li>
                <span class="test-name">Test(failed) (14 classes)</span>
              </li>
            </ul>
          </div> <!-- main-panel-content rounded-window-bottom -->
        </div> <!-- panel -->
        <div panel-name="group-Suite" class="panel">
          <div class="main-panel-header rounded-window-top">
            <span class="header-content">Groups for Suite</span>
          </div> <!-- main-panel-header rounded-window-top -->
          <div class="main-panel-content rounded-window-bottom">
          </div> <!-- main-panel-content rounded-window-bottom -->
        </div> <!-- panel -->
        <div panel-name="times-Suite" class="panel">
          <div class="main-panel-header rounded-window-top">
            <span class="header-content">Times for Suite</span>
          </div> <!-- main-panel-header rounded-window-top -->
          <div class="main-panel-content rounded-window-bottom">
            <div class="times-div">
              <script type="text/javascript">
suiteTableInitFunctions.push('tableData_Suite');
function tableData_Suite() {
var data = new google.visualization.DataTable();
data.addColumn('number', 'Number');
data.addColumn('string', 'Method');
data.addColumn('string', 'Class');
data.addColumn('number', 'Time (ms)');
data.addRows(14);
data.setCell(0, 0, 0)
data.setCell(0, 1, 'validEmail')
data.setCell(0, 2, 'script.Valid_Email_TC1')
data.setCell(0, 3, 57764);
data.setCell(1, 0, 1)
data.setCell(1, 1, 'creationOfDDM')
data.setCell(1, 2, 'script.CMS_Auto')
data.setCell(1, 3, 45511);
data.setCell(2, 0, 2)
data.setCell(2, 1, 'paymentWithPaypal')
data.setCell(2, 2, 'script.PaymentWithPaypal_TC8')
data.setCell(2, 3, 42463);
data.setCell(3, 0, 3)
data.setCell(3, 1, 'create_LLR_Request')
data.setCell(3, 2, 'script.Create_LLR_Request_TC9')
data.setCell(3, 3, 33074);
data.setCell(4, 0, 4)
data.setCell(4, 1, 'create_LLR_jpg')
data.setCell(4, 2, 'script.Create_LLR_Request_JPG_TC10')
data.setCell(4, 3, 31692);
data.setCell(5, 0, 5)
data.setCell(5, 1, 'create_LLR_png')
data.setCell(5, 2, 'script.Create_LLR_Request_PNG_TC11')
data.setCell(5, 3, 29284);
data.setCell(6, 0, 6)
data.setCell(6, 1, 'create_LLR_pdf')
data.setCell(6, 2, 'script.Create_LLR_Request_PDF_TC12')
data.setCell(6, 3, 27535);
data.setCell(7, 0, 7)
data.setCell(7, 1, 'view_LLR_List')
data.setCell(7, 2, 'script.View_LLR_List_TC13')
data.setCell(7, 3, 21334);
data.setCell(8, 0, 8)
data.setCell(8, 1, 'invalidEmail')
data.setCell(8, 2, 'script.Invalid_Email_TC2')
data.setCell(8, 3, 19955);
data.setCell(9, 0, 9)
data.setCell(9, 1, 'paymentWithCard')
data.setCell(9, 2, 'script.PaymentWithCard_TC7')
data.setCell(9, 3, 17849);
data.setCell(10, 0, 10)
data.setCell(10, 1, 'regAfterSignOut')
data.setCell(10, 2, 'script.RegisterAfterSignout_TC3')
data.setCell(10, 3, 14781);
data.setCell(11, 0, 11)
data.setCell(11, 1, 'otherRegistration')
data.setCell(11, 2, 'script.Others_Reg_TC6')
data.setCell(11, 3, 14305);
data.setCell(12, 0, 12)
data.setCell(12, 1, 'labAdminRegistration')
data.setCell(12, 2, 'script.LabAdmin_Reg_TC5')
data.setCell(12, 3, 12712);
data.setCell(13, 0, 13)
data.setCell(13, 1, 'clinicianReg')
data.setCell(13, 2, 'script.Clinician_Reg_TC4')
data.setCell(13, 3, 9840);
window.suiteTableData['Suite']= { tableData: data, tableDiv: 'times-div-Suite'}
return data;
}
              </script>
              <span class="suite-total-time">Total running time: 6 minutes</span>
              <div id="times-div-Suite">
              </div> <!-- times-div-Suite -->
            </div> <!-- times-div -->
          </div> <!-- main-panel-content rounded-window-bottom -->
        </div> <!-- panel -->
        <div panel-name="reporter-Suite" class="panel">
          <div class="main-panel-header rounded-window-top">
            <span class="header-content">Reporter output for Suite</span>
          </div> <!-- main-panel-header rounded-window-top -->
          <div class="main-panel-content rounded-window-bottom">
            <div class="reporter-method-div">
              <span class="reporter-method-name">creationOfDDM</span>
              <div class="reporter-method-output-div">
                <span class="reporter-method-output">Test: creationOfDDM is Pass</span>
              </div> <!-- reporter-method-output-div -->
            </div> <!-- reporter-method-div -->
            <div class="reporter-method-div">
              <span class="reporter-method-name">labAdminRegistration</span>
              <div class="reporter-method-output-div">
                <span class="reporter-method-output">Submitted Successfully.</span>
                <span class="reporter-method-output">Test: labAdminRegistration is Pass</span>
              </div> <!-- reporter-method-output-div -->
            </div> <!-- reporter-method-div -->
            <div class="reporter-method-div">
              <span class="reporter-method-name">view_LLR_List</span>
              <div class="reporter-method-output-div">
                <span class="reporter-method-output">LLR Request List Page is displayed.</span>
                <span class="reporter-method-output">The Report is not editable.</span>
                <span class="reporter-method-output">Test: view_LLR_List is Pass</span>
              </div> <!-- reporter-method-output-div -->
            </div> <!-- reporter-method-div -->
            <div class="reporter-method-div">
              <span class="reporter-method-name">otherRegistration</span>
              <div class="reporter-method-output-div">
                <span class="reporter-method-output">Submitted Successfully.</span>
                <span class="reporter-method-output">Test: otherRegistration is Pass</span>
              </div> <!-- reporter-method-output-div -->
            </div> <!-- reporter-method-div -->
            <div class="reporter-method-div">
              <span class="reporter-method-name">create_LLR_pdf</span>
              <div class="reporter-method-output-div">
                <span class="reporter-method-output">Test: create_LLR_pdf is Fail</span>
              </div> <!-- reporter-method-output-div -->
            </div> <!-- reporter-method-div -->
            <div class="reporter-method-div">
              <span class="reporter-method-name">invalidEmail</span>
              <div class="reporter-method-output-div">
                <span class="reporter-method-output">Test: invalidEmail is Fail</span>
              </div> <!-- reporter-method-output-div -->
            </div> <!-- reporter-method-div -->
            <div class="reporter-method-div">
              <span class="reporter-method-name">paymentWithCard</span>
              <div class="reporter-method-output-div">
                <span class="reporter-method-output">Test: paymentWithCard is Fail</span>
              </div> <!-- reporter-method-output-div -->
            </div> <!-- reporter-method-div -->
            <div class="reporter-method-div">
              <span class="reporter-method-name">create_LLR_jpg</span>
              <div class="reporter-method-output-div">
                <span class="reporter-method-output">Test: create_LLR_jpg is Fail</span>
              </div> <!-- reporter-method-output-div -->
            </div> <!-- reporter-method-div -->
            <div class="reporter-method-div">
              <span class="reporter-method-name">create_LLR_png</span>
              <div class="reporter-method-output-div">
                <span class="reporter-method-output">Test: create_LLR_png is Fail</span>
              </div> <!-- reporter-method-output-div -->
            </div> <!-- reporter-method-div -->
            <div class="reporter-method-div">
              <span class="reporter-method-name">validEmail</span>
              <div class="reporter-method-output-div">
                <span class="reporter-method-output">Access Code Page is Displayed.</span>
                <span class="reporter-method-output">Test: validEmail is Fail</span>
              </div> <!-- reporter-method-output-div -->
            </div> <!-- reporter-method-div -->
            <div class="reporter-method-div">
              <span class="reporter-method-name">clinicianReg</span>
              <div class="reporter-method-output-div">
                <span class="reporter-method-output">Test: clinicianReg is Fail</span>
              </div> <!-- reporter-method-output-div -->
            </div> <!-- reporter-method-div -->
            <div class="reporter-method-div">
              <span class="reporter-method-name">regAfterSignOut</span>
              <div class="reporter-method-output-div">
                <span class="reporter-method-output">Test: regAfterSignOut is Fail</span>
              </div> <!-- reporter-method-output-div -->
            </div> <!-- reporter-method-div -->
            <div class="reporter-method-div">
              <span class="reporter-method-name">paymentWithPaypal</span>
              <div class="reporter-method-output-div">
                <span class="reporter-method-output">Test: paymentWithPaypal is Fail</span>
              </div> <!-- reporter-method-output-div -->
            </div> <!-- reporter-method-div -->
            <div class="reporter-method-div">
              <span class="reporter-method-name">create_LLR_Request</span>
              <div class="reporter-method-output-div">
                <span class="reporter-method-output">Test: create_LLR_Request is Fail</span>
              </div> <!-- reporter-method-output-div -->
            </div> <!-- reporter-method-div -->
          </div> <!-- main-panel-content rounded-window-bottom -->
        </div> <!-- panel -->
        <div panel-name="ignored-methods-Suite" class="panel">
          <div class="main-panel-header rounded-window-top">
            <span class="header-content">0 ignored methods</span>
          </div> <!-- main-panel-header rounded-window-top -->
          <div class="main-panel-content rounded-window-bottom">
          </div> <!-- main-panel-content rounded-window-bottom -->
        </div> <!-- panel -->
        <div panel-name="chronological-Suite" class="panel">
          <div class="main-panel-header rounded-window-top">
            <span class="header-content">Methods in chronological order</span>
          </div> <!-- main-panel-header rounded-window-top -->
          <div class="main-panel-content rounded-window-bottom">
            <div class="chronological-class">
              <div class="chronological-class-name">script.Valid_Email_TC1</div> <!-- chronological-class-name -->
              <div class="configuration-method before">
                <span class="method-name">openApp(localhost, chrome)</span>
                <span class="method-start">0 ms</span>
              </div> <!-- configuration-method before -->
              <div class="test-method">
                <img src="failed.png">
                </img>
                <span class="method-name">validEmail</span>
                <span class="method-start">26738 ms</span>
              </div> <!-- test-method -->
              <div class="configuration-method after">
                <span class="method-name">closeApp([TestResult name=validEmail status=FAILURE method=Valid_Email_TC1.validEmail()[pri:1, instance:scrip...)</span>
                <span class="method-start">84517 ms</span>
              </div> <!-- configuration-method after -->
            </div> <!-- chronological-class -->
            <div class="chronological-class">
              <div class="chronological-class-name">script.Invalid_Email_TC2</div> <!-- chronological-class-name -->
              <div class="configuration-method before">
                <span class="method-name">openApp(localhost, chrome)</span>
                <span class="method-start">86261 ms</span>
              </div> <!-- configuration-method before -->
              <div class="test-method">
                <img src="failed.png">
                </img>
                <span class="method-name">invalidEmail</span>
                <span class="method-start">99664 ms</span>
              </div> <!-- test-method -->
              <div class="configuration-method after">
                <span class="method-name">closeApp([TestResult name=invalidEmail status=FAILURE method=Invalid_Email_TC2.invalidEmail()[pri:2, instance...)</span>
                <span class="method-start">119624 ms</span>
              </div> <!-- configuration-method after -->
            </div> <!-- chronological-class -->
            <div class="chronological-class">
              <div class="chronological-class-name">script.RegisterAfterSignout_TC3</div> <!-- chronological-class-name -->
              <div class="configuration-method before">
                <span class="method-name">openApp(localhost, chrome)</span>
                <span class="method-start">122021 ms</span>
              </div> <!-- configuration-method before -->
              <div class="test-method">
                <img src="failed.png">
                </img>
                <span class="method-name">regAfterSignOut</span>
                <span class="method-start">135821 ms</span>
              </div> <!-- test-method -->
              <div class="configuration-method after">
                <span class="method-name">closeApp([TestResult name=regAfterSignOut status=FAILURE method=RegisterAfterSignout_TC3.regAfterSignOut()[pr...)</span>
                <span class="method-start">150605 ms</span>
              </div> <!-- configuration-method after -->
            </div> <!-- chronological-class -->
            <div class="chronological-class">
              <div class="chronological-class-name">script.Clinician_Reg_TC4</div> <!-- chronological-class-name -->
              <div class="configuration-method before">
                <span class="method-name">openApp(localhost, chrome)</span>
                <span class="method-start">152757 ms</span>
              </div> <!-- configuration-method before -->
              <div class="test-method">
                <img src="failed.png">
                </img>
                <span class="method-name">clinicianReg</span>
                <span class="method-start">164686 ms</span>
              </div> <!-- test-method -->
              <div class="configuration-method after">
                <span class="method-name">closeApp([TestResult name=clinicianReg status=FAILURE method=Clinician_Reg_TC4.clinicianReg()[pri:4, instance...)</span>
                <span class="method-start">174530 ms</span>
              </div> <!-- configuration-method after -->
            </div> <!-- chronological-class -->
            <div class="chronological-class">
              <div class="chronological-class-name">script.LabAdmin_Reg_TC5</div> <!-- chronological-class-name -->
              <div class="configuration-method before">
                <span class="method-name">openApp(localhost, chrome)</span>
                <span class="method-start">176724 ms</span>
              </div> <!-- configuration-method before -->
              <div class="test-method">
                <span class="method-name">labAdminRegistration</span>
                <span class="method-start">188703 ms</span>
              </div> <!-- test-method -->
              <div class="configuration-method after">
                <span class="method-name">closeApp([TestResult name=labAdminRegistration status=SUCCESS method=LabAdmin_Reg_TC5.labAdminRegistration()[...)</span>
                <span class="method-start">201418 ms</span>
              </div> <!-- configuration-method after -->
            </div> <!-- chronological-class -->
            <div class="chronological-class">
              <div class="chronological-class-name">script.Others_Reg_TC6</div> <!-- chronological-class-name -->
              <div class="configuration-method before">
                <span class="method-name">openApp(localhost, chrome)</span>
                <span class="method-start">202539 ms</span>
              </div> <!-- configuration-method before -->
              <div class="test-method">
                <span class="method-name">otherRegistration</span>
                <span class="method-start">215237 ms</span>
              </div> <!-- test-method -->
              <div class="configuration-method after">
                <span class="method-name">closeApp([TestResult name=otherRegistration status=SUCCESS method=Others_Reg_TC6.otherRegistration()[pri:6, i...)</span>
                <span class="method-start">229558 ms</span>
              </div> <!-- configuration-method after -->
            </div> <!-- chronological-class -->
            <div class="chronological-class">
              <div class="chronological-class-name">script.PaymentWithCard_TC7</div> <!-- chronological-class-name -->
              <div class="configuration-method before">
                <span class="method-name">openApp(localhost, chrome)</span>
                <span class="method-start">231035 ms</span>
              </div> <!-- configuration-method before -->
              <div class="test-method">
                <img src="failed.png">
                </img>
                <span class="method-name">paymentWithCard</span>
                <span class="method-start">244288 ms</span>
              </div> <!-- test-method -->
              <div class="configuration-method after">
                <span class="method-name">closeApp([TestResult name=paymentWithCard status=FAILURE method=PaymentWithCard_TC7.paymentWithCard()[pri:7, ...)</span>
                <span class="method-start">262154 ms</span>
              </div> <!-- configuration-method after -->
            </div> <!-- chronological-class -->
            <div class="chronological-class">
              <div class="chronological-class-name">script.PaymentWithPaypal_TC8</div> <!-- chronological-class-name -->
              <div class="configuration-method before">
                <span class="method-name">openApp(localhost, chrome)</span>
                <span class="method-start">263839 ms</span>
              </div> <!-- configuration-method before -->
              <div class="test-method">
                <img src="failed.png">
                </img>
                <span class="method-name">paymentWithPaypal</span>
                <span class="method-start">275586 ms</span>
              </div> <!-- test-method -->
              <div class="configuration-method after">
                <span class="method-name">closeApp([TestResult name=paymentWithPaypal status=FAILURE method=PaymentWithPaypal_TC8.paymentWithPaypal()[p...)</span>
                <span class="method-start">318068 ms</span>
              </div> <!-- configuration-method after -->
            </div> <!-- chronological-class -->
            <div class="chronological-class">
              <div class="chronological-class-name">script.CMS_Auto</div> <!-- chronological-class-name -->
              <div class="configuration-method before">
                <span class="method-name">openApp(localhost, chrome)</span>
                <span class="method-start">319737 ms</span>
              </div> <!-- configuration-method before -->
              <div class="test-method">
                <span class="method-name">creationOfDDM</span>
                <span class="method-start">328501 ms</span>
              </div> <!-- test-method -->
              <div class="configuration-method after">
                <span class="method-name">closeApp([TestResult name=creationOfDDM status=SUCCESS method=CMS_Auto.creationOfDDM()[pri:0, instance:script...)</span>
                <span class="method-start">374015 ms</span>
              </div> <!-- configuration-method after -->
            </div> <!-- chronological-class -->
            <div class="chronological-class">
              <div class="chronological-class-name">script.Create_LLR_Request_TC9</div> <!-- chronological-class-name -->
              <div class="configuration-method before">
                <span class="method-name">openApp(localhost, chrome)</span>
                <span class="method-start">375155 ms</span>
              </div> <!-- configuration-method before -->
              <div class="test-method">
                <img src="failed.png">
                </img>
                <span class="method-name">create_LLR_Request</span>
                <span class="method-start">388677 ms</span>
              </div> <!-- test-method -->
              <div class="configuration-method after">
                <span class="method-name">closeApp([TestResult name=create_LLR_Request status=FAILURE method=Create_LLR_Request_TC9.create_LLR_Request(...)</span>
                <span class="method-start">421760 ms</span>
              </div> <!-- configuration-method after -->
            </div> <!-- chronological-class -->
            <div class="chronological-class">
              <div class="chronological-class-name">script.Create_LLR_Request_JPG_TC10</div> <!-- chronological-class-name -->
              <div class="configuration-method before">
                <span class="method-name">openApp(localhost, chrome)</span>
                <span class="method-start">423396 ms</span>
              </div> <!-- configuration-method before -->
              <div class="test-method">
                <img src="failed.png">
                </img>
                <span class="method-name">create_LLR_jpg</span>
                <span class="method-start">436269 ms</span>
              </div> <!-- test-method -->
              <div class="configuration-method after">
                <span class="method-name">closeApp([TestResult name=create_LLR_jpg status=FAILURE method=Create_LLR_Request_JPG_TC10.create_LLR_jpg()[p...)</span>
                <span class="method-start">467967 ms</span>
              </div> <!-- configuration-method after -->
            </div> <!-- chronological-class -->
            <div class="chronological-class">
              <div class="chronological-class-name">script.Create_LLR_Request_PNG_TC11</div> <!-- chronological-class-name -->
              <div class="configuration-method before">
                <span class="method-name">openApp(localhost, chrome)</span>
                <span class="method-start">469622 ms</span>
              </div> <!-- configuration-method before -->
              <div class="test-method">
                <img src="failed.png">
                </img>
                <span class="method-name">create_LLR_png</span>
                <span class="method-start">481376 ms</span>
              </div> <!-- test-method -->
              <div class="configuration-method after">
                <span class="method-name">closeApp([TestResult name=create_LLR_png status=FAILURE method=Create_LLR_Request_PNG_TC11.create_LLR_png()[p...)</span>
                <span class="method-start">510663 ms</span>
              </div> <!-- configuration-method after -->
            </div> <!-- chronological-class -->
            <div class="chronological-class">
              <div class="chronological-class-name">script.Create_LLR_Request_PDF_TC12</div> <!-- chronological-class-name -->
              <div class="configuration-method before">
                <span class="method-name">openApp(localhost, chrome)</span>
                <span class="method-start">512297 ms</span>
              </div> <!-- configuration-method before -->
              <div class="test-method">
                <img src="failed.png">
                </img>
                <span class="method-name">create_LLR_pdf</span>
                <span class="method-start">524446 ms</span>
              </div> <!-- test-method -->
              <div class="configuration-method after">
                <span class="method-name">closeApp([TestResult name=create_LLR_pdf status=FAILURE method=Create_LLR_Request_PDF_TC12.create_LLR_pdf()[p...)</span>
                <span class="method-start">551986 ms</span>
              </div> <!-- configuration-method after -->
            </div> <!-- chronological-class -->
            <div class="chronological-class">
              <div class="chronological-class-name">script.View_LLR_List_TC13</div> <!-- chronological-class-name -->
              <div class="configuration-method before">
                <span class="method-name">openApp(localhost, chrome)</span>
                <span class="method-start">553767 ms</span>
              </div> <!-- configuration-method before -->
              <div class="test-method">
                <span class="method-name">view_LLR_List</span>
                <span class="method-start">566556 ms</span>
              </div> <!-- test-method -->
              <div class="configuration-method after">
                <span class="method-name">closeApp([TestResult name=view_LLR_List status=SUCCESS method=View_LLR_List_TC13.view_LLR_List()[pri:13, inst...)</span>
                <span class="method-start">587901 ms</span>
              </div> <!-- configuration-method after -->
          </div> <!-- main-panel-content rounded-window-bottom -->
        </div> <!-- panel -->
      </div> <!-- main-panel-root -->
    </div> <!-- wrapper -->
  </body>
</html>
